<?xml version="1.0" encoding="UTF-8"?>
<!-- Generated by org.testng.reporters.JUnitReportReporter -->
<testsuite hostname="LAPTOP-JQ9ECS6F" failures="0" tests="2" name="webstauranttest.WebstaurantSearchItemTest" time="278.569" errors="0" timestamp="2024-03-11T13:23:18 IST" skipped="0">
  <testcase classname="webstauranttest.WebstaurantSearchItemTest" name="testAddStainlessTableToCart" time="148.163"/>
  <system-out/>
  <testcase classname="webstauranttest.WebstaurantSearchItemTest" name="testAddWoodTableToCart" time="130.406"/>
  <system-out/>
</testsuite> <!-- webstauranttest.WebstaurantSearchItemTest -->
